<?xml version="1.0" encoding="UTF-8"?>
<!-- Generated by org.testng.reporters.JUnitReportReporter -->
<testsuite skipped="0" hostname="naveenautomationlabss-MacBook-Pro.local" name="com.qa.api.tests.GetUserTest" tests="1" failures="0" timestamp="2023-07-31T18:42:56 IST" time="1.938" errors="0">
  <testcase name="getUsersTest" time="1.938" classname="com.qa.api.tests.GetUserTest"/>
</testsuite> <!-- com.qa.api.tests.GetUserTest -->
