<?xml version="1.0" encoding="UTF-8"?>
<!-- Generated by org.testng.reporters.JUnitReportReporter -->
<testsuite skipped="0" hostname="naveenautomationlabss-MacBook-Pro.local" name="com.qa.api.tests.GoRestTest" tests="9" failures="0" timestamp="2023-08-03T12:42:48 IST" time="22.615" errors="0">
  <testcase name="createUserWithBuiderTest" time="2.455" classname="com.qa.api.tests.GoRestTest"/>
  <testcase name="createUserTest" time="2.803" classname="com.qa.api.tests.GoRestTest"/>
  <testcase name="deleteUserTest" time="3.437" classname="com.qa.api.tests.GoRestTest"/>
  <testcase name="getUsersTest" time="0.938" classname="com.qa.api.tests.GoRestTest"/>
  <testcase name="createUserTest" time="4.022" classname="com.qa.api.tests.GoRestTest"/>
  <testcase name="getUsersWithQueryTest" time="1.008" classname="com.qa.api.tests.GoRestTest"/>
  <testcase name="getAllUsersTest" time="1.371" classname="com.qa.api.tests.GoRestTest"/>
  <testcase name="createUserTest" time="2.584" classname="com.qa.api.tests.GoRestTest"/>
  <testcase name="updateUserTest" time="3.997" classname="com.qa.api.tests.GoRestTest"/>
</testsuite> <!-- com.qa.api.tests.GoRestTest -->
