<?xml version="1.0" encoding="UTF-8"?>
<!-- Generated by org.testng.reporters.JUnitReportReporter -->
<testsuite skipped="0" hostname="naveenautomationlabss-MacBook-Pro.local" name="com.qa.api.tests.AmadeusFlightAPITest" tests="1" failures="0" timestamp="2023-08-03T12:42:48 IST" time="2.217" errors="0">
  <testcase name="getFlightInfoTest" time="2.217" classname="com.qa.api.tests.AmadeusFlightAPITest"/>
</testsuite> <!-- com.qa.api.tests.AmadeusFlightAPITest -->
