<?xml version="1.0" encoding="UTF-8"?>
<!-- Generated by org.testng.reporters.JUnitReportReporter -->
<testsuite skipped="0" hostname="naveenautomationlabss-MacBook-Pro.local" name="com.qa.api.tests.ReqResTest" tests="1" failures="0" timestamp="2023-08-03T12:42:48 IST" time="0.262" errors="0">
  <testcase name="getReqResUserTest" time="0.262" classname="com.qa.api.tests.ReqResTest"/>
</testsuite> <!-- com.qa.api.tests.ReqResTest -->
