<?xml version="1.0" encoding="UTF-8"?>
<!-- Generated by org.testng.reporters.JUnitReportReporter -->
<testsuite hostname="naveenautomationlabss-MacBook-Pro.local" failures="0" tests="2" name="com.qa.api.tests.ProductAPITest" time="1.361" errors="0" timestamp="2023-08-03T12:45:57 IST" skipped="0">
  <testcase classname="com.qa.api.tests.ProductAPITest" name="getProductTest" time="0.690"/>
  <testcase classname="com.qa.api.tests.ProductAPITest" name="createProduct" time="0.671"/>
</testsuite> <!-- com.qa.api.tests.ProductAPITest -->
