<?xml version="1.0" encoding="UTF-8"?>
<!-- Generated by org.testng.reporters.JUnitReportReporter -->
<testsuite hostname="naveenautomationlabss-MacBook-Pro.local" failures="0" tests="9" name="com.qa.api.tests.GoRestTest" time="17.508" errors="0" timestamp="2023-08-03T12:45:57 IST" skipped="0">
  <testcase classname="com.qa.api.tests.GoRestTest" name="updateUserTest" time="3.002"/>
  <testcase classname="com.qa.api.tests.GoRestTest" name="getAllUsersTest" time="0.762"/>
  <testcase classname="com.qa.api.tests.GoRestTest" name="deleteUserTest" time="2.714"/>
  <testcase classname="com.qa.api.tests.GoRestTest" name="createUserWithBuiderTest" time="2.001"/>
  <testcase classname="com.qa.api.tests.GoRestTest" name="createUserTest" time="1.986"/>
  <testcase classname="com.qa.api.tests.GoRestTest" name="createUserTest" time="3.223"/>
  <testcase classname="com.qa.api.tests.GoRestTest" name="getUsersTest" time="0.945"/>
  <testcase classname="com.qa.api.tests.GoRestTest" name="getUsersWithQueryTest" time="0.962"/>
  <testcase classname="com.qa.api.tests.GoRestTest" name="createUserTest" time="1.913"/>
</testsuite> <!-- com.qa.api.tests.GoRestTest -->
