<?xml version="1.0" encoding="UTF-8"?>
<!-- Generated by org.testng.reporters.JUnitReportReporter -->
<testsuite hostname="naveenautomationlabss-MacBook-Pro.local" failures="0" tests="1" name="com.qa.api.tests.CiruitTest" time="0.360" errors="0" timestamp="2023-08-03T12:45:57 IST" skipped="0">
  <testcase classname="com.qa.api.tests.CiruitTest" name="getYearCircuitTest" time="0.360"/>
</testsuite> <!-- com.qa.api.tests.CiruitTest -->
