<?xml version="1.0" encoding="UTF-8"?>
<!-- Generated by org.testng.reporters.JUnitReportReporter -->
<testsuite hostname="naveenautomationlabss-MacBook-Pro.local" failures="0" tests="1" name="com.qa.api.tests.AmadeusFlightAPITest" time="2.108" errors="0" timestamp="2023-08-03T12:45:57 IST" skipped="0">
  <testcase classname="com.qa.api.tests.AmadeusFlightAPITest" name="getFlightInfoTest" time="2.108"/>
</testsuite> <!-- com.qa.api.tests.AmadeusFlightAPITest -->
